this txt file contain tests for ``say_my_name()`` function

# first import necessary libs and module so that the test to run

>>> from importlib import import_module
>>> say_my_name = import_module('3-say_my_name').say_my_name

# now lets start testing the function

>>> say_my_name('mikias', 'girma')
My name is mikias girma

>>> say_my_name(2)
Traceback (most recent call last):
    ...
TypeError: first_name must be a string

>>> say_my_name('mike', 2)
Traceback (most recent call last):
    ...
TypeError: last_name must be a string

>>> say_my_name()
Traceback (most recent call last):
    ...
TypeError: say_my_name() missing 1 required positional argument: 'first_name'